CRITICAL - 2024-07-09 10:28:56 --> Error: Undefined constant "CodeIgniter\Database\MySQLi\MYSQLI_STORE_RESULT"
[Method: CLI, Route: migrate]
in SYSTEMPATH/Database/Database.php on line 139.
 1 SYSTEMPATH/Database/Database.php(57): CodeIgniter\Database\Database->initDriver()
 2 SYSTEMPATH/Database/Config.php(84): CodeIgniter\Database\Database->load()
 3 SYSTEMPATH/Common.php(360): CodeIgniter\Database\Config::connect()
 4 SYSTEMPATH/Database/MigrationRunner.php(146): db_connect()
 5 SYSTEMPATH/Config/Services.php(419): CodeIgniter\Database\MigrationRunner->__construct()
 6 SYSTEMPATH/Config/BaseService.php(311): CodeIgniter\Config\Services::migrations()
 7 SYSTEMPATH/Config/BaseService.php(250): CodeIgniter\Config\BaseService::__callStatic()
 8 SYSTEMPATH/Config/Services.php(414): CodeIgniter\Config\BaseService::getSharedInstance()
 9 SYSTEMPATH/Config/BaseService.php(320): CodeIgniter\Config\Services::migrations()
10 SYSTEMPATH/Config/BaseService.php(201): CodeIgniter\Config\BaseService::__callStatic()
11 SYSTEMPATH/Common.php(998): CodeIgniter\Config\BaseService::get()
12 SYSTEMPATH/Commands/Database/Migrate.php(70): service()
13 SYSTEMPATH/CLI/Commands.php(70): CodeIgniter\Commands\Database\Migrate->run()
14 SYSTEMPATH/CLI/Console.php(48): CodeIgniter\CLI\Commands->run()
15 SYSTEMPATH/Boot.php(351): CodeIgniter\CLI\Console->run()
16 SYSTEMPATH/Boot.php(104): CodeIgniter\Boot::runCommand()
17 ROOTPATH/spark(84): CodeIgniter\Boot::bootSpark()
CRITICAL - 2024-07-09 10:43:20 --> Error: Undefined constant "CodeIgniter\Database\MySQLi\MYSQLI_STORE_RESULT"
[Method: CLI, Route: migrate]
in SYSTEMPATH/Database/Database.php on line 139.
 1 SYSTEMPATH/Database/Database.php(57): CodeIgniter\Database\Database->initDriver()
 2 SYSTEMPATH/Database/Config.php(84): CodeIgniter\Database\Database->load()
 3 SYSTEMPATH/Common.php(360): CodeIgniter\Database\Config::connect()
 4 SYSTEMPATH/Database/MigrationRunner.php(146): db_connect()
 5 SYSTEMPATH/Config/Services.php(419): CodeIgniter\Database\MigrationRunner->__construct()
 6 SYSTEMPATH/Config/BaseService.php(311): CodeIgniter\Config\Services::migrations()
 7 SYSTEMPATH/Config/BaseService.php(250): CodeIgniter\Config\BaseService::__callStatic()
 8 SYSTEMPATH/Config/Services.php(414): CodeIgniter\Config\BaseService::getSharedInstance()
 9 SYSTEMPATH/Config/BaseService.php(320): CodeIgniter\Config\Services::migrations()
10 SYSTEMPATH/Config/BaseService.php(201): CodeIgniter\Config\BaseService::__callStatic()
11 SYSTEMPATH/Common.php(998): CodeIgniter\Config\BaseService::get()
12 SYSTEMPATH/Commands/Database/Migrate.php(70): service()
13 SYSTEMPATH/CLI/Commands.php(70): CodeIgniter\Commands\Database\Migrate->run()
14 SYSTEMPATH/CLI/Console.php(48): CodeIgniter\CLI\Commands->run()
15 SYSTEMPATH/Boot.php(351): CodeIgniter\CLI\Console->run()
16 SYSTEMPATH/Boot.php(104): CodeIgniter\Boot::runCommand()
17 ROOTPATH/spark(84): CodeIgniter\Boot::bootSpark()
CRITICAL - 2024-07-09 11:13:15 --> Error: Undefined constant "CodeIgniter\Database\MySQLi\MYSQLI_STORE_RESULT"
[Method: CLI, Route: migrate]
in SYSTEMPATH/Database/Database.php on line 139.
 1 SYSTEMPATH/Database/Database.php(57): CodeIgniter\Database\Database->initDriver()
 2 SYSTEMPATH/Database/Config.php(84): CodeIgniter\Database\Database->load()
 3 SYSTEMPATH/Common.php(360): CodeIgniter\Database\Config::connect()
 4 SYSTEMPATH/Database/MigrationRunner.php(146): db_connect()
 5 SYSTEMPATH/Config/Services.php(419): CodeIgniter\Database\MigrationRunner->__construct()
 6 SYSTEMPATH/Config/BaseService.php(311): CodeIgniter\Config\Services::migrations()
 7 SYSTEMPATH/Config/BaseService.php(250): CodeIgniter\Config\BaseService::__callStatic()
 8 SYSTEMPATH/Config/Services.php(414): CodeIgniter\Config\BaseService::getSharedInstance()
 9 SYSTEMPATH/Config/BaseService.php(320): CodeIgniter\Config\Services::migrations()
10 SYSTEMPATH/Config/BaseService.php(201): CodeIgniter\Config\BaseService::__callStatic()
11 SYSTEMPATH/Common.php(998): CodeIgniter\Config\BaseService::get()
12 SYSTEMPATH/Commands/Database/Migrate.php(70): service()
13 SYSTEMPATH/CLI/Commands.php(70): CodeIgniter\Commands\Database\Migrate->run()
14 SYSTEMPATH/CLI/Console.php(48): CodeIgniter\CLI\Commands->run()
15 SYSTEMPATH/Boot.php(351): CodeIgniter\CLI\Console->run()
16 SYSTEMPATH/Boot.php(104): CodeIgniter\Boot::runCommand()
17 ROOTPATH/spark(84): CodeIgniter\Boot::bootSpark()
CRITICAL - 2024-07-09 11:17:42 --> Error: Undefined constant "CodeIgniter\Database\MySQLi\MYSQLI_STORE_RESULT"
[Method: CLI, Route: migrate]
in SYSTEMPATH/Database/Database.php on line 139.
 1 SYSTEMPATH/Database/Database.php(57): CodeIgniter\Database\Database->initDriver()
 2 SYSTEMPATH/Database/Config.php(84): CodeIgniter\Database\Database->load()
 3 SYSTEMPATH/Common.php(360): CodeIgniter\Database\Config::connect()
 4 SYSTEMPATH/Database/MigrationRunner.php(146): db_connect()
 5 SYSTEMPATH/Config/Services.php(419): CodeIgniter\Database\MigrationRunner->__construct()
 6 SYSTEMPATH/Config/BaseService.php(311): CodeIgniter\Config\Services::migrations()
 7 SYSTEMPATH/Config/BaseService.php(250): CodeIgniter\Config\BaseService::__callStatic()
 8 SYSTEMPATH/Config/Services.php(414): CodeIgniter\Config\BaseService::getSharedInstance()
 9 SYSTEMPATH/Config/BaseService.php(320): CodeIgniter\Config\Services::migrations()
10 SYSTEMPATH/Config/BaseService.php(201): CodeIgniter\Config\BaseService::__callStatic()
11 SYSTEMPATH/Common.php(998): CodeIgniter\Config\BaseService::get()
12 SYSTEMPATH/Commands/Database/Migrate.php(70): service()
13 SYSTEMPATH/CLI/Commands.php(70): CodeIgniter\Commands\Database\Migrate->run()
14 SYSTEMPATH/CLI/Console.php(48): CodeIgniter\CLI\Commands->run()
15 SYSTEMPATH/Boot.php(351): CodeIgniter\CLI\Console->run()
16 SYSTEMPATH/Boot.php(104): CodeIgniter\Boot::runCommand()
17 ROOTPATH/spark(84): CodeIgniter\Boot::bootSpark()
ERROR - 2024-07-09 11:30:07 --> mysqli_sql_exception: Invalid default value for 'createdAt' in /var/www/html/shivam/codeigniter/system/Database/MySQLi/Connection.php:312
Stack trace:
#0 /var/www/html/shivam/codeigniter/system/Database/MySQLi/Connection.php(312): mysqli->query()
#1 /var/www/html/shivam/codeigniter/system/Database/BaseConnection.php(734): CodeIgniter\Database\MySQLi\Connection->execute()
#2 /var/www/html/shivam/codeigniter/system/Database/BaseConnection.php(648): CodeIgniter\Database\BaseConnection->simpleQuery()
#3 /var/www/html/shivam/codeigniter/system/Database/Forge.php(570): CodeIgniter\Database\BaseConnection->query()
#4 /var/www/html/shivam/codeigniter/app/Database/Migrations/2024-07-09-165201_CreateQuestions.php(43): CodeIgniter\Database\Forge->createTable()
#5 /var/www/html/shivam/codeigniter/system/Database/MigrationRunner.php(867): App\Database\Migrations\CreateQuestions->up()
#6 /var/www/html/shivam/codeigniter/system/Database/MigrationRunner.php(183): CodeIgniter\Database\MigrationRunner->migrate()
#7 /var/www/html/shivam/codeigniter/system/Commands/Database/Migrate.php(85): CodeIgniter\Database\MigrationRunner->latest()
#8 /var/www/html/shivam/codeigniter/system/CLI/Commands.php(70): CodeIgniter\Commands\Database\Migrate->run()
#9 /var/www/html/shivam/codeigniter/system/CLI/Console.php(48): CodeIgniter\CLI\Commands->run()
#10 /var/www/html/shivam/codeigniter/system/Boot.php(351): CodeIgniter\CLI\Console->run()
#11 /var/www/html/shivam/codeigniter/system/Boot.php(104): CodeIgniter\Boot::runCommand()
#12 /var/www/html/shivam/codeigniter/spark(84): CodeIgniter\Boot::bootSpark()
#13 {main}
ERROR - 2024-07-09 11:31:16 --> mysqli_sql_exception: Invalid default value for 'createdAt' in /var/www/html/shivam/codeigniter/system/Database/MySQLi/Connection.php:312
Stack trace:
#0 /var/www/html/shivam/codeigniter/system/Database/MySQLi/Connection.php(312): mysqli->query()
#1 /var/www/html/shivam/codeigniter/system/Database/BaseConnection.php(734): CodeIgniter\Database\MySQLi\Connection->execute()
#2 /var/www/html/shivam/codeigniter/system/Database/BaseConnection.php(648): CodeIgniter\Database\BaseConnection->simpleQuery()
#3 /var/www/html/shivam/codeigniter/system/Database/Forge.php(570): CodeIgniter\Database\BaseConnection->query()
#4 /var/www/html/shivam/codeigniter/app/Database/Migrations/2024-07-09-165201_CreateQuestions.php(43): CodeIgniter\Database\Forge->createTable()
#5 /var/www/html/shivam/codeigniter/system/Database/MigrationRunner.php(867): App\Database\Migrations\CreateQuestions->up()
#6 /var/www/html/shivam/codeigniter/system/Database/MigrationRunner.php(183): CodeIgniter\Database\MigrationRunner->migrate()
#7 /var/www/html/shivam/codeigniter/system/Commands/Database/Migrate.php(85): CodeIgniter\Database\MigrationRunner->latest()
#8 /var/www/html/shivam/codeigniter/system/CLI/Commands.php(70): CodeIgniter\Commands\Database\Migrate->run()
#9 /var/www/html/shivam/codeigniter/system/CLI/Console.php(48): CodeIgniter\CLI\Commands->run()
#10 /var/www/html/shivam/codeigniter/system/Boot.php(351): CodeIgniter\CLI\Console->run()
#11 /var/www/html/shivam/codeigniter/system/Boot.php(104): CodeIgniter\Boot::runCommand()
#12 /var/www/html/shivam/codeigniter/spark(84): CodeIgniter\Boot::bootSpark()
#13 {main}
ERROR - 2024-07-09 11:32:30 --> mysqli_sql_exception: Invalid default value for 'createdAt' in /var/www/html/shivam/codeigniter/system/Database/MySQLi/Connection.php:312
Stack trace:
#0 /var/www/html/shivam/codeigniter/system/Database/MySQLi/Connection.php(312): mysqli->query()
#1 /var/www/html/shivam/codeigniter/system/Database/BaseConnection.php(734): CodeIgniter\Database\MySQLi\Connection->execute()
#2 /var/www/html/shivam/codeigniter/system/Database/BaseConnection.php(648): CodeIgniter\Database\BaseConnection->simpleQuery()
#3 /var/www/html/shivam/codeigniter/system/Database/Forge.php(570): CodeIgniter\Database\BaseConnection->query()
#4 /var/www/html/shivam/codeigniter/app/Database/Migrations/2024-07-09-165201_CreateQuestions.php(43): CodeIgniter\Database\Forge->createTable()
#5 /var/www/html/shivam/codeigniter/system/Database/MigrationRunner.php(867): App\Database\Migrations\CreateQuestions->up()
#6 /var/www/html/shivam/codeigniter/system/Database/MigrationRunner.php(183): CodeIgniter\Database\MigrationRunner->migrate()
#7 /var/www/html/shivam/codeigniter/system/Commands/Database/Migrate.php(85): CodeIgniter\Database\MigrationRunner->latest()
#8 /var/www/html/shivam/codeigniter/system/CLI/Commands.php(70): CodeIgniter\Commands\Database\Migrate->run()
#9 /var/www/html/shivam/codeigniter/system/CLI/Console.php(48): CodeIgniter\CLI\Commands->run()
#10 /var/www/html/shivam/codeigniter/system/Boot.php(351): CodeIgniter\CLI\Console->run()
#11 /var/www/html/shivam/codeigniter/system/Boot.php(104): CodeIgniter\Boot::runCommand()
#12 /var/www/html/shivam/codeigniter/spark(84): CodeIgniter\Boot::bootSpark()
#13 {main}
ERROR - 2024-07-09 11:34:10 --> mysqli_sql_exception: Invalid default value for 'updatedAt' in /var/www/html/shivam/codeigniter/system/Database/MySQLi/Connection.php:312
Stack trace:
#0 /var/www/html/shivam/codeigniter/system/Database/MySQLi/Connection.php(312): mysqli->query()
#1 /var/www/html/shivam/codeigniter/system/Database/BaseConnection.php(734): CodeIgniter\Database\MySQLi\Connection->execute()
#2 /var/www/html/shivam/codeigniter/system/Database/BaseConnection.php(648): CodeIgniter\Database\BaseConnection->simpleQuery()
#3 /var/www/html/shivam/codeigniter/system/Database/Forge.php(570): CodeIgniter\Database\BaseConnection->query()
#4 /var/www/html/shivam/codeigniter/app/Database/Migrations/2024-07-09-165201_CreateQuestions.php(42): CodeIgniter\Database\Forge->createTable()
#5 /var/www/html/shivam/codeigniter/system/Database/MigrationRunner.php(867): App\Database\Migrations\CreateQuestions->up()
#6 /var/www/html/shivam/codeigniter/system/Database/MigrationRunner.php(183): CodeIgniter\Database\MigrationRunner->migrate()
#7 /var/www/html/shivam/codeigniter/system/Commands/Database/Migrate.php(85): CodeIgniter\Database\MigrationRunner->latest()
#8 /var/www/html/shivam/codeigniter/system/CLI/Commands.php(70): CodeIgniter\Commands\Database\Migrate->run()
#9 /var/www/html/shivam/codeigniter/system/CLI/Console.php(48): CodeIgniter\CLI\Commands->run()
#10 /var/www/html/shivam/codeigniter/system/Boot.php(351): CodeIgniter\CLI\Console->run()
#11 /var/www/html/shivam/codeigniter/system/Boot.php(104): CodeIgniter\Boot::runCommand()
#12 /var/www/html/shivam/codeigniter/spark(84): CodeIgniter\Boot::bootSpark()
#13 {main}
CRITICAL - 2024-07-09 12:15:45 --> Error: Class "App\Controllers\QuestionModel" not found
[Method: GET, Route: questions]
in APPPATH/Controllers/Web.php on line 14.
 1 SYSTEMPATH/CodeIgniter.php(933): App\Controllers\Web->questions()
 2 SYSTEMPATH/CodeIgniter.php(509): CodeIgniter\CodeIgniter->runController()
 3 SYSTEMPATH/CodeIgniter.php(355): CodeIgniter\CodeIgniter->handleRequest()
 4 SYSTEMPATH/Boot.php(325): CodeIgniter\CodeIgniter->run()
 5 SYSTEMPATH/Boot.php(67): CodeIgniter\Boot::runCodeIgniter()
 6 FCPATH/index.php(56): CodeIgniter\Boot::bootWeb()
 7 SYSTEMPATH/rewrite.php(44): require_once('/var/www/html/shivam/codeigniter/public/index.php')
CRITICAL - 2024-07-09 12:15:54 --> Error: Class "App\Controllers\QuestionsModel" not found
[Method: GET, Route: questions]
in APPPATH/Controllers/Web.php on line 14.
 1 SYSTEMPATH/CodeIgniter.php(933): App\Controllers\Web->questions()
 2 SYSTEMPATH/CodeIgniter.php(509): CodeIgniter\CodeIgniter->runController()
 3 SYSTEMPATH/CodeIgniter.php(355): CodeIgniter\CodeIgniter->handleRequest()
 4 SYSTEMPATH/Boot.php(325): CodeIgniter\CodeIgniter->run()
 5 SYSTEMPATH/Boot.php(67): CodeIgniter\Boot::runCodeIgniter()
 6 FCPATH/index.php(56): CodeIgniter\Boot::bootWeb()
 7 SYSTEMPATH/rewrite.php(44): require_once('/var/www/html/shivam/codeigniter/public/index.php')
CRITICAL - 2024-07-09 12:16:25 --> Error: Class "App\Controllers\QuestionsModel" not found
[Method: GET, Route: questions]
in APPPATH/Controllers/Web.php on line 16.
 1 SYSTEMPATH/CodeIgniter.php(933): App\Controllers\Web->questions()
 2 SYSTEMPATH/CodeIgniter.php(509): CodeIgniter\CodeIgniter->runController()
 3 SYSTEMPATH/CodeIgniter.php(355): CodeIgniter\CodeIgniter->handleRequest()
 4 SYSTEMPATH/Boot.php(325): CodeIgniter\CodeIgniter->run()
 5 SYSTEMPATH/Boot.php(67): CodeIgniter\Boot::runCodeIgniter()
 6 FCPATH/index.php(56): CodeIgniter\Boot::bootWeb()
 7 SYSTEMPATH/rewrite.php(44): require_once('/var/www/html/shivam/codeigniter/public/index.php')
CRITICAL - 2024-07-09 12:16:32 --> Error: Class "App\Controllers\QuestionsModel" not found
[Method: GET, Route: questions]
in APPPATH/Controllers/Web.php on line 16.
 1 SYSTEMPATH/CodeIgniter.php(933): App\Controllers\Web->questions()
 2 SYSTEMPATH/CodeIgniter.php(509): CodeIgniter\CodeIgniter->runController()
 3 SYSTEMPATH/CodeIgniter.php(355): CodeIgniter\CodeIgniter->handleRequest()
 4 SYSTEMPATH/Boot.php(325): CodeIgniter\CodeIgniter->run()
 5 SYSTEMPATH/Boot.php(67): CodeIgniter\Boot::runCodeIgniter()
 6 FCPATH/index.php(56): CodeIgniter\Boot::bootWeb()
 7 SYSTEMPATH/rewrite.php(44): require_once('/var/www/html/shivam/codeigniter/public/index.php')
CRITICAL - 2024-07-09 12:17:18 --> Error: Class "App\Controllers\QuestionsModel" not found
[Method: GET, Route: questions]
in APPPATH/Controllers/Web.php on line 17.
 1 SYSTEMPATH/CodeIgniter.php(933): App\Controllers\Web->questions()
 2 SYSTEMPATH/CodeIgniter.php(509): CodeIgniter\CodeIgniter->runController()
 3 SYSTEMPATH/CodeIgniter.php(355): CodeIgniter\CodeIgniter->handleRequest()
 4 SYSTEMPATH/Boot.php(325): CodeIgniter\CodeIgniter->run()
 5 SYSTEMPATH/Boot.php(67): CodeIgniter\Boot::runCodeIgniter()
 6 FCPATH/index.php(56): CodeIgniter\Boot::bootWeb()
 7 SYSTEMPATH/rewrite.php(44): require_once('/var/www/html/shivam/codeigniter/public/index.php')
CRITICAL - 2024-07-09 12:17:30 --> Error: Call to a member function options() on array
[Method: GET, Route: questions]
in APPPATH/Controllers/Web.php on line 22.
 1 SYSTEMPATH/CodeIgniter.php(933): App\Controllers\Web->questions()
 2 SYSTEMPATH/CodeIgniter.php(509): CodeIgniter\CodeIgniter->runController()
 3 SYSTEMPATH/CodeIgniter.php(355): CodeIgniter\CodeIgniter->handleRequest()
 4 SYSTEMPATH/Boot.php(325): CodeIgniter\CodeIgniter->run()
 5 SYSTEMPATH/Boot.php(67): CodeIgniter\Boot::runCodeIgniter()
 6 FCPATH/index.php(56): CodeIgniter\Boot::bootWeb()
 7 SYSTEMPATH/rewrite.php(44): require_once('/var/www/html/shivam/codeigniter/public/index.php')
CRITICAL - 2024-07-09 12:18:32 --> Error: Call to a member function options() on array
[Method: GET, Route: questions]
in APPPATH/Controllers/Web.php on line 24.
 1 SYSTEMPATH/CodeIgniter.php(933): App\Controllers\Web->questions()
 2 SYSTEMPATH/CodeIgniter.php(509): CodeIgniter\CodeIgniter->runController()
 3 SYSTEMPATH/CodeIgniter.php(355): CodeIgniter\CodeIgniter->handleRequest()
 4 SYSTEMPATH/Boot.php(325): CodeIgniter\CodeIgniter->run()
 5 SYSTEMPATH/Boot.php(67): CodeIgniter\Boot::runCodeIgniter()
 6 FCPATH/index.php(56): CodeIgniter\Boot::bootWeb()
 7 SYSTEMPATH/rewrite.php(44): require_once('/var/www/html/shivam/codeigniter/public/index.php')
CRITICAL - 2024-07-09 12:20:36 --> ErrorException: Cannot use App\Models\QuestionsModel as QuestionsModel because the name is already in use
[Method: GET, Route: questions]
in APPPATH/Controllers/Web.php on line 6.
 1 [internal function]: CodeIgniter\Debug\Exceptions->shutdownHandler()
CRITICAL - 2024-07-09 12:53:15 --> BadMethodCallException: Call to undefined method App\Models\QuestionsModel::with
[Method: GET, Route: questions]
in SYSTEMPATH/Model.php on line 932.
 1 APPPATH/Controllers/Web.php(20): CodeIgniter\Model->__call()
 2 SYSTEMPATH/CodeIgniter.php(933): App\Controllers\Web->questions()
 3 SYSTEMPATH/CodeIgniter.php(509): CodeIgniter\CodeIgniter->runController()
 4 SYSTEMPATH/CodeIgniter.php(355): CodeIgniter\CodeIgniter->handleRequest()
 5 SYSTEMPATH/Boot.php(325): CodeIgniter\CodeIgniter->run()
 6 SYSTEMPATH/Boot.php(67): CodeIgniter\Boot::runCodeIgniter()
 7 FCPATH/index.php(56): CodeIgniter\Boot::bootWeb()
 8 SYSTEMPATH/rewrite.php(44): require_once('/var/www/html/shivam/codeigniter/public/index.php')
CRITICAL - 2024-07-09 12:54:13 --> BadMethodCallException: Call to undefined method App\Models\QuestionsModel::with
[Method: GET, Route: questions]
in SYSTEMPATH/Model.php on line 932.
 1 APPPATH/Controllers/Web.php(20): CodeIgniter\Model->__call()
 2 SYSTEMPATH/CodeIgniter.php(933): App\Controllers\Web->questions()
 3 SYSTEMPATH/CodeIgniter.php(509): CodeIgniter\CodeIgniter->runController()
 4 SYSTEMPATH/CodeIgniter.php(355): CodeIgniter\CodeIgniter->handleRequest()
 5 SYSTEMPATH/Boot.php(325): CodeIgniter\CodeIgniter->run()
 6 SYSTEMPATH/Boot.php(67): CodeIgniter\Boot::runCodeIgniter()
 7 FCPATH/index.php(56): CodeIgniter\Boot::bootWeb()
 8 SYSTEMPATH/rewrite.php(44): require_once('/var/www/html/shivam/codeigniter/public/index.php')
CRITICAL - 2024-07-09 13:03:02 --> ErrorException: Attempt to read property "questionId" on array
[Method: GET, Route: questions]
in APPPATH/Controllers/Web.php on line 26.
 1 APPPATH/Controllers/Web.php(26): CodeIgniter\Debug\Exceptions->errorHandler()
 2 SYSTEMPATH/CodeIgniter.php(933): App\Controllers\Web->questions()
 3 SYSTEMPATH/CodeIgniter.php(509): CodeIgniter\CodeIgniter->runController()
 4 SYSTEMPATH/CodeIgniter.php(355): CodeIgniter\CodeIgniter->handleRequest()
 5 SYSTEMPATH/Boot.php(325): CodeIgniter\CodeIgniter->run()
 6 SYSTEMPATH/Boot.php(67): CodeIgniter\Boot::runCodeIgniter()
 7 FCPATH/index.php(56): CodeIgniter\Boot::bootWeb()
 8 SYSTEMPATH/rewrite.php(44): require_once('/var/www/html/shivam/codeigniter/public/index.php')
CRITICAL - 2024-07-09 13:03:39 --> ErrorException: Attempt to read property "questionId" on array
[Method: GET, Route: questions]
in APPPATH/Controllers/Web.php on line 26.
 1 APPPATH/Controllers/Web.php(26): CodeIgniter\Debug\Exceptions->errorHandler()
 2 SYSTEMPATH/CodeIgniter.php(933): App\Controllers\Web->questions()
 3 SYSTEMPATH/CodeIgniter.php(509): CodeIgniter\CodeIgniter->runController()
 4 SYSTEMPATH/CodeIgniter.php(355): CodeIgniter\CodeIgniter->handleRequest()
 5 SYSTEMPATH/Boot.php(325): CodeIgniter\CodeIgniter->run()
 6 SYSTEMPATH/Boot.php(67): CodeIgniter\Boot::runCodeIgniter()
 7 FCPATH/index.php(56): CodeIgniter\Boot::bootWeb()
 8 SYSTEMPATH/rewrite.php(44): require_once('/var/www/html/shivam/codeigniter/public/index.php')
CRITICAL - 2024-07-09 13:04:45 --> Error: Attempt to assign property "options" on array
[Method: GET, Route: questions]
in APPPATH/Controllers/Web.php on line 26.
 1 SYSTEMPATH/CodeIgniter.php(933): App\Controllers\Web->questions()
 2 SYSTEMPATH/CodeIgniter.php(509): CodeIgniter\CodeIgniter->runController()
 3 SYSTEMPATH/CodeIgniter.php(355): CodeIgniter\CodeIgniter->handleRequest()
 4 SYSTEMPATH/Boot.php(325): CodeIgniter\CodeIgniter->run()
 5 SYSTEMPATH/Boot.php(67): CodeIgniter\Boot::runCodeIgniter()
 6 FCPATH/index.php(56): CodeIgniter\Boot::bootWeb()
 7 SYSTEMPATH/rewrite.php(44): require_once('/var/www/html/shivam/codeigniter/public/index.php')
ERROR - 2024-07-09 22:13:49 --> mysqli_sql_exception: Incorrect table definition; there can be only one auto column and it must be defined as a key in /var/www/html/shivam/codeigniter/system/Database/MySQLi/Connection.php:312
Stack trace:
#0 /var/www/html/shivam/codeigniter/system/Database/MySQLi/Connection.php(312): mysqli->query()
#1 /var/www/html/shivam/codeigniter/system/Database/BaseConnection.php(734): CodeIgniter\Database\MySQLi\Connection->execute()
#2 /var/www/html/shivam/codeigniter/system/Database/BaseConnection.php(648): CodeIgniter\Database\BaseConnection->simpleQuery()
#3 /var/www/html/shivam/codeigniter/system/Database/Forge.php(570): CodeIgniter\Database\BaseConnection->query()
#4 /var/www/html/shivam/codeigniter/app/Database/Migrations/2024-07-10-034101_CreateUserRecords.php(114): CodeIgniter\Database\Forge->createTable()
#5 /var/www/html/shivam/codeigniter/system/Database/MigrationRunner.php(867): App\Database\Migrations\CreateUserRecords->up()
#6 /var/www/html/shivam/codeigniter/system/Database/MigrationRunner.php(183): CodeIgniter\Database\MigrationRunner->migrate()
#7 /var/www/html/shivam/codeigniter/system/Commands/Database/Migrate.php(85): CodeIgniter\Database\MigrationRunner->latest()
#8 /var/www/html/shivam/codeigniter/system/CLI/Commands.php(70): CodeIgniter\Commands\Database\Migrate->run()
#9 /var/www/html/shivam/codeigniter/system/CLI/Console.php(48): CodeIgniter\CLI\Commands->run()
#10 /var/www/html/shivam/codeigniter/system/Boot.php(351): CodeIgniter\CLI\Console->run()
#11 /var/www/html/shivam/codeigniter/system/Boot.php(104): CodeIgniter\Boot::runCommand()
#12 /var/www/html/shivam/codeigniter/spark(84): CodeIgniter\Boot::bootSpark()
#13 {main}
CRITICAL - 2024-07-09 22:24:42 --> CodeIgniter\Database\Exceptions\DataException: Allowed fields must be specified for model: "App\Models\UserRecordsModel"
[Method: POST, Route: sore-user-record]
in SYSTEMPATH/Model.php on line 824.
 1 SYSTEMPATH/Model.php(824): CodeIgniter\Database\Exceptions\DataException::forInvalidAllowedFields()
 2 SYSTEMPATH/BaseModel.php(821): CodeIgniter\Model->doProtectFieldsForInsert()
 3 SYSTEMPATH/Model.php(802): CodeIgniter\BaseModel->insert()
 4 APPPATH/Controllers/Web.php(46): CodeIgniter\Model->insert()
 5 SYSTEMPATH/CodeIgniter.php(933): App\Controllers\Web->storeUserRecord()
 6 SYSTEMPATH/CodeIgniter.php(509): CodeIgniter\CodeIgniter->runController()
 7 SYSTEMPATH/CodeIgniter.php(355): CodeIgniter\CodeIgniter->handleRequest()
 8 SYSTEMPATH/Boot.php(325): CodeIgniter\CodeIgniter->run()
 9 SYSTEMPATH/Boot.php(67): CodeIgniter\Boot::runCodeIgniter()
10 FCPATH/index.php(56): CodeIgniter\Boot::bootWeb()
11 SYSTEMPATH/rewrite.php(44): require_once('/var/www/html/shivam/codeigniter/public/index.php')
CRITICAL - 2024-07-09 22:28:02 --> CodeIgniter\Database\Exceptions\DataException: Allowed fields must be specified for model: "App\Models\UserRecordsModel"
[Method: POST, Route: sore-user-record]
in SYSTEMPATH/Model.php on line 824.
 1 SYSTEMPATH/Model.php(824): CodeIgniter\Database\Exceptions\DataException::forInvalidAllowedFields()
 2 SYSTEMPATH/BaseModel.php(821): CodeIgniter\Model->doProtectFieldsForInsert()
 3 SYSTEMPATH/Model.php(802): CodeIgniter\BaseModel->insert()
 4 APPPATH/Controllers/Web.php(54): CodeIgniter\Model->insert()
 5 SYSTEMPATH/CodeIgniter.php(933): App\Controllers\Web->storeUserRecord()
 6 SYSTEMPATH/CodeIgniter.php(509): CodeIgniter\CodeIgniter->runController()
 7 SYSTEMPATH/CodeIgniter.php(355): CodeIgniter\CodeIgniter->handleRequest()
 8 SYSTEMPATH/Boot.php(325): CodeIgniter\CodeIgniter->run()
 9 SYSTEMPATH/Boot.php(67): CodeIgniter\Boot::runCodeIgniter()
10 FCPATH/index.php(56): CodeIgniter\Boot::bootWeb()
11 SYSTEMPATH/rewrite.php(44): require_once('/var/www/html/shivam/codeigniter/public/index.php')
CRITICAL - 2024-07-09 22:28:16 --> CodeIgniter\Database\Exceptions\DataException: Allowed fields must be specified for model: "App\Models\UserRecordsModel"
[Method: POST, Route: sore-user-record]
in SYSTEMPATH/Model.php on line 824.
 1 SYSTEMPATH/Model.php(824): CodeIgniter\Database\Exceptions\DataException::forInvalidAllowedFields()
 2 SYSTEMPATH/BaseModel.php(821): CodeIgniter\Model->doProtectFieldsForInsert()
 3 SYSTEMPATH/Model.php(802): CodeIgniter\BaseModel->insert()
 4 APPPATH/Controllers/Web.php(54): CodeIgniter\Model->insert()
 5 SYSTEMPATH/CodeIgniter.php(933): App\Controllers\Web->storeUserRecord()
 6 SYSTEMPATH/CodeIgniter.php(509): CodeIgniter\CodeIgniter->runController()
 7 SYSTEMPATH/CodeIgniter.php(355): CodeIgniter\CodeIgniter->handleRequest()
 8 SYSTEMPATH/Boot.php(325): CodeIgniter\CodeIgniter->run()
 9 SYSTEMPATH/Boot.php(67): CodeIgniter\Boot::runCodeIgniter()
10 FCPATH/index.php(56): CodeIgniter\Boot::bootWeb()
11 SYSTEMPATH/rewrite.php(44): require_once('/var/www/html/shivam/codeigniter/public/index.php')
CRITICAL - 2024-07-09 22:30:48 --> CodeIgniter\Database\Exceptions\DataException: Allowed fields must be specified for model: "App\Models\UserRecordsModel"
[Method: POST, Route: sore-user-record]
in SYSTEMPATH/Model.php on line 824.
 1 SYSTEMPATH/Model.php(824): CodeIgniter\Database\Exceptions\DataException::forInvalidAllowedFields()
 2 SYSTEMPATH/BaseModel.php(821): CodeIgniter\Model->doProtectFieldsForInsert()
 3 SYSTEMPATH/Model.php(802): CodeIgniter\BaseModel->insert()
 4 APPPATH/Controllers/Web.php(54): CodeIgniter\Model->insert()
 5 SYSTEMPATH/CodeIgniter.php(933): App\Controllers\Web->storeUserRecord()
 6 SYSTEMPATH/CodeIgniter.php(509): CodeIgniter\CodeIgniter->runController()
 7 SYSTEMPATH/CodeIgniter.php(355): CodeIgniter\CodeIgniter->handleRequest()
 8 SYSTEMPATH/Boot.php(325): CodeIgniter\CodeIgniter->run()
 9 SYSTEMPATH/Boot.php(67): CodeIgniter\Boot::runCodeIgniter()
10 FCPATH/index.php(56): CodeIgniter\Boot::bootWeb()
11 SYSTEMPATH/rewrite.php(44): require_once('/var/www/html/shivam/codeigniter/public/index.php')
ERROR - 2024-07-09 22:42:22 --> mysqli_sql_exception: Cannot add or update a child row: a foreign key constraint fails (`tatapowerezchargequiz-v2`.`userRecords`, CONSTRAINT `userRecords_certificateId_foreign` FOREIGN KEY (`certificateId`) REFERENCES `certificates` (`certificateId`)) in /var/www/html/shivam/codeigniter/system/Database/MySQLi/Connection.php:312
Stack trace:
#0 /var/www/html/shivam/codeigniter/system/Database/MySQLi/Connection.php(312): mysqli->query()
#1 /var/www/html/shivam/codeigniter/system/Database/BaseConnection.php(734): CodeIgniter\Database\MySQLi\Connection->execute()
#2 /var/www/html/shivam/codeigniter/system/Database/BaseConnection.php(648): CodeIgniter\Database\BaseConnection->simpleQuery()
#3 /var/www/html/shivam/codeigniter/system/Database/BaseBuilder.php(2332): CodeIgniter\Database\BaseConnection->query()
#4 /var/www/html/shivam/codeigniter/system/Model.php(394): CodeIgniter\Database\BaseBuilder->insert()
#5 /var/www/html/shivam/codeigniter/system/BaseModel.php(840): CodeIgniter\Model->doInsert()
#6 /var/www/html/shivam/codeigniter/system/Model.php(802): CodeIgniter\BaseModel->insert()
#7 /var/www/html/shivam/codeigniter/app/Controllers/Web.php(64): CodeIgniter\Model->insert()
#8 /var/www/html/shivam/codeigniter/system/CodeIgniter.php(933): App\Controllers\Web->storeUserRecord()
#9 /var/www/html/shivam/codeigniter/system/CodeIgniter.php(509): CodeIgniter\CodeIgniter->runController()
#10 /var/www/html/shivam/codeigniter/system/CodeIgniter.php(355): CodeIgniter\CodeIgniter->handleRequest()
#11 /var/www/html/shivam/codeigniter/system/Boot.php(325): CodeIgniter\CodeIgniter->run()
#12 /var/www/html/shivam/codeigniter/system/Boot.php(67): CodeIgniter\Boot::runCodeIgniter()
#13 /var/www/html/shivam/codeigniter/public/index.php(56): CodeIgniter\Boot::bootWeb()
#14 /var/www/html/shivam/codeigniter/system/rewrite.php(44): require_once('...')
#15 {main}
CRITICAL - 2024-07-09 22:42:22 --> CodeIgniter\Database\Exceptions\DatabaseException: Cannot add or update a child row: a foreign key constraint fails (`tatapowerezchargequiz-v2`.`userRecords`, CONSTRAINT `userRecords_certificateId_foreign` FOREIGN KEY (`certificateId`) REFERENCES `certificates` (`certificateId`))
[Method: POST, Route: sore-user-record]
in SYSTEMPATH/Database/BaseConnection.php on line 688.
 1 SYSTEMPATH/Database/BaseBuilder.php(2332): CodeIgniter\Database\BaseConnection->query()
 2 SYSTEMPATH/Model.php(394): CodeIgniter\Database\BaseBuilder->insert()
 3 SYSTEMPATH/BaseModel.php(840): CodeIgniter\Model->doInsert()
 4 SYSTEMPATH/Model.php(802): CodeIgniter\BaseModel->insert()
 5 APPPATH/Controllers/Web.php(64): CodeIgniter\Model->insert()
 6 SYSTEMPATH/CodeIgniter.php(933): App\Controllers\Web->storeUserRecord()
 7 SYSTEMPATH/CodeIgniter.php(509): CodeIgniter\CodeIgniter->runController()
 8 SYSTEMPATH/CodeIgniter.php(355): CodeIgniter\CodeIgniter->handleRequest()
 9 SYSTEMPATH/Boot.php(325): CodeIgniter\CodeIgniter->run()
10 SYSTEMPATH/Boot.php(67): CodeIgniter\Boot::runCodeIgniter()
11 FCPATH/index.php(56): CodeIgniter\Boot::bootWeb()
12 SYSTEMPATH/rewrite.php(44): require_once('/var/www/html/shivam/codeigniter/public/index.php')
CRITICAL - 2024-07-09 22:42:22 --> [Caused by] CodeIgniter\Database\Exceptions\DatabaseException: Cannot add or update a child row: a foreign key constraint fails (`tatapowerezchargequiz-v2`.`userRecords`, CONSTRAINT `userRecords_certificateId_foreign` FOREIGN KEY (`certificateId`) REFERENCES `certificates` (`certificateId`))
in SYSTEMPATH/Database/MySQLi/Connection.php on line 317.
 1 SYSTEMPATH/Database/BaseConnection.php(734): CodeIgniter\Database\MySQLi\Connection->execute()
 2 SYSTEMPATH/Database/BaseConnection.php(648): CodeIgniter\Database\BaseConnection->simpleQuery()
 3 SYSTEMPATH/Database/BaseBuilder.php(2332): CodeIgniter\Database\BaseConnection->query()
 4 SYSTEMPATH/Model.php(394): CodeIgniter\Database\BaseBuilder->insert()
 5 SYSTEMPATH/BaseModel.php(840): CodeIgniter\Model->doInsert()
 6 SYSTEMPATH/Model.php(802): CodeIgniter\BaseModel->insert()
 7 APPPATH/Controllers/Web.php(64): CodeIgniter\Model->insert()
 8 SYSTEMPATH/CodeIgniter.php(933): App\Controllers\Web->storeUserRecord()
 9 SYSTEMPATH/CodeIgniter.php(509): CodeIgniter\CodeIgniter->runController()
10 SYSTEMPATH/CodeIgniter.php(355): CodeIgniter\CodeIgniter->handleRequest()
11 SYSTEMPATH/Boot.php(325): CodeIgniter\CodeIgniter->run()
12 SYSTEMPATH/Boot.php(67): CodeIgniter\Boot::runCodeIgniter()
13 FCPATH/index.php(56): CodeIgniter\Boot::bootWeb()
14 SYSTEMPATH/rewrite.php(44): require_once('/var/www/html/shivam/codeigniter/public/index.php')
CRITICAL - 2024-07-09 22:42:22 --> [Caused by] mysqli_sql_exception: Cannot add or update a child row: a foreign key constraint fails (`tatapowerezchargequiz-v2`.`userRecords`, CONSTRAINT `userRecords_certificateId_foreign` FOREIGN KEY (`certificateId`) REFERENCES `certificates` (`certificateId`))
in SYSTEMPATH/Database/MySQLi/Connection.php on line 312.
 1 SYSTEMPATH/Database/MySQLi/Connection.php(312): mysqli->query()
 2 SYSTEMPATH/Database/BaseConnection.php(734): CodeIgniter\Database\MySQLi\Connection->execute()
 3 SYSTEMPATH/Database/BaseConnection.php(648): CodeIgniter\Database\BaseConnection->simpleQuery()
 4 SYSTEMPATH/Database/BaseBuilder.php(2332): CodeIgniter\Database\BaseConnection->query()
 5 SYSTEMPATH/Model.php(394): CodeIgniter\Database\BaseBuilder->insert()
 6 SYSTEMPATH/BaseModel.php(840): CodeIgniter\Model->doInsert()
 7 SYSTEMPATH/Model.php(802): CodeIgniter\BaseModel->insert()
 8 APPPATH/Controllers/Web.php(64): CodeIgniter\Model->insert()
 9 SYSTEMPATH/CodeIgniter.php(933): App\Controllers\Web->storeUserRecord()
10 SYSTEMPATH/CodeIgniter.php(509): CodeIgniter\CodeIgniter->runController()
11 SYSTEMPATH/CodeIgniter.php(355): CodeIgniter\CodeIgniter->handleRequest()
12 SYSTEMPATH/Boot.php(325): CodeIgniter\CodeIgniter->run()
13 SYSTEMPATH/Boot.php(67): CodeIgniter\Boot::runCodeIgniter()
14 FCPATH/index.php(56): CodeIgniter\Boot::bootWeb()
15 SYSTEMPATH/rewrite.php(44): require_once('/var/www/html/shivam/codeigniter/public/index.php')
CRITICAL - 2024-07-09 23:08:01 --> ErrorException: Undefined variable $persona
[Method: GET, Route: certificate]
in APPPATH/Views/certificate.php on line 218.
 1 APPPATH/Views/certificate.php(218): CodeIgniter\Debug\Exceptions->errorHandler()
 2 SYSTEMPATH/View/View.php(234): include('/var/www/html/shivam/codeigniter/app/Views/certificate.php')
 3 SYSTEMPATH/View/View.php(237): CodeIgniter\View\View->CodeIgniter\View\{closure}()
 4 SYSTEMPATH/Common.php(1171): CodeIgniter\View\View->render()
 5 APPPATH/Controllers/Web.php(75): view()
 6 SYSTEMPATH/CodeIgniter.php(933): App\Controllers\Web->certificate()
 7 SYSTEMPATH/CodeIgniter.php(509): CodeIgniter\CodeIgniter->runController()
 8 SYSTEMPATH/CodeIgniter.php(355): CodeIgniter\CodeIgniter->handleRequest()
 9 SYSTEMPATH/Boot.php(325): CodeIgniter\CodeIgniter->run()
10 SYSTEMPATH/Boot.php(67): CodeIgniter\Boot::runCodeIgniter()
11 FCPATH/index.php(56): CodeIgniter\Boot::bootWeb()
12 SYSTEMPATH/rewrite.php(44): require_once('/var/www/html/shivam/codeigniter/public/index.php')
CRITICAL - 2024-07-09 23:08:01 --> ErrorException: Undefined variable $persona
[Method: GET, Route: certificate]
in APPPATH/Views/certificate.php on line 218.
 1 APPPATH/Views/certificate.php(218): CodeIgniter\Debug\Exceptions->errorHandler()
 2 SYSTEMPATH/View/View.php(234): include('/var/www/html/shivam/codeigniter/app/Views/certificate.php')
 3 SYSTEMPATH/View/View.php(237): CodeIgniter\View\View->CodeIgniter\View\{closure}()
 4 SYSTEMPATH/Common.php(1171): CodeIgniter\View\View->render()
 5 APPPATH/Controllers/Web.php(75): view()
 6 SYSTEMPATH/CodeIgniter.php(933): App\Controllers\Web->certificate()
 7 SYSTEMPATH/CodeIgniter.php(509): CodeIgniter\CodeIgniter->runController()
 8 SYSTEMPATH/CodeIgniter.php(355): CodeIgniter\CodeIgniter->handleRequest()
 9 SYSTEMPATH/Boot.php(325): CodeIgniter\CodeIgniter->run()
10 SYSTEMPATH/Boot.php(67): CodeIgniter\Boot::runCodeIgniter()
11 FCPATH/index.php(56): CodeIgniter\Boot::bootWeb()
12 SYSTEMPATH/rewrite.php(44): require_once('/var/www/html/shivam/codeigniter/public/index.php')
CRITICAL - 2024-07-09 23:08:01 --> ErrorException: Undefined variable $persona
[Method: GET, Route: certificate]
in APPPATH/Views/certificate.php on line 218.
 1 APPPATH/Views/certificate.php(218): CodeIgniter\Debug\Exceptions->errorHandler()
 2 SYSTEMPATH/View/View.php(234): include('/var/www/html/shivam/codeigniter/app/Views/certificate.php')
 3 SYSTEMPATH/View/View.php(237): CodeIgniter\View\View->CodeIgniter\View\{closure}()
 4 SYSTEMPATH/Common.php(1171): CodeIgniter\View\View->render()
 5 APPPATH/Controllers/Web.php(75): view()
 6 SYSTEMPATH/CodeIgniter.php(933): App\Controllers\Web->certificate()
 7 SYSTEMPATH/CodeIgniter.php(509): CodeIgniter\CodeIgniter->runController()
 8 SYSTEMPATH/CodeIgniter.php(355): CodeIgniter\CodeIgniter->handleRequest()
 9 SYSTEMPATH/Boot.php(325): CodeIgniter\CodeIgniter->run()
10 SYSTEMPATH/Boot.php(67): CodeIgniter\Boot::runCodeIgniter()
11 FCPATH/index.php(56): CodeIgniter\Boot::bootWeb()
12 SYSTEMPATH/rewrite.php(44): require_once('/var/www/html/shivam/codeigniter/public/index.php')
CRITICAL - 2024-07-09 23:09:26 --> ErrorException: file_put_contents(/var/www/html/shivam/codeigniter/public/uploads/f6e8a7ce02339d6670a306ddf5f04be5.png): Failed to open stream: No such file or directory
[Method: POST, Route: upload-certificate]
in APPPATH/Controllers/Web.php on line 91.
 1 [internal function]: CodeIgniter\Debug\Exceptions->errorHandler()
 2 APPPATH/Controllers/Web.php(91): file_put_contents()
 3 SYSTEMPATH/CodeIgniter.php(933): App\Controllers\Web->uploadCertificate()
 4 SYSTEMPATH/CodeIgniter.php(509): CodeIgniter\CodeIgniter->runController()
 5 SYSTEMPATH/CodeIgniter.php(355): CodeIgniter\CodeIgniter->handleRequest()
 6 SYSTEMPATH/Boot.php(325): CodeIgniter\CodeIgniter->run()
 7 SYSTEMPATH/Boot.php(67): CodeIgniter\Boot::runCodeIgniter()
 8 FCPATH/index.php(56): CodeIgniter\Boot::bootWeb()
 9 SYSTEMPATH/rewrite.php(44): require_once('/var/www/html/shivam/codeigniter/public/index.php')
CRITICAL - 2024-07-09 23:32:10 --> ErrorException: Trying to access array offset on value of type null
[Method: POST, Route: sore-user-record]
in APPPATH/Controllers/Web.php on line 57.
 1 APPPATH/Controllers/Web.php(57): CodeIgniter\Debug\Exceptions->errorHandler()
 2 SYSTEMPATH/CodeIgniter.php(933): App\Controllers\Web->storeUserRecord()
 3 SYSTEMPATH/CodeIgniter.php(509): CodeIgniter\CodeIgniter->runController()
 4 SYSTEMPATH/CodeIgniter.php(355): CodeIgniter\CodeIgniter->handleRequest()
 5 SYSTEMPATH/Boot.php(325): CodeIgniter\CodeIgniter->run()
 6 SYSTEMPATH/Boot.php(67): CodeIgniter\Boot::runCodeIgniter()
 7 FCPATH/index.php(56): CodeIgniter\Boot::bootWeb()
 8 SYSTEMPATH/rewrite.php(44): require_once('/var/www/html/shivam/codeigniter/public/index.php')
CRITICAL - 2024-07-09 23:32:17 --> ErrorException: Trying to access array offset on value of type null
[Method: POST, Route: sore-user-record]
in APPPATH/Controllers/Web.php on line 57.
 1 APPPATH/Controllers/Web.php(57): CodeIgniter\Debug\Exceptions->errorHandler()
 2 SYSTEMPATH/CodeIgniter.php(933): App\Controllers\Web->storeUserRecord()
 3 SYSTEMPATH/CodeIgniter.php(509): CodeIgniter\CodeIgniter->runController()
 4 SYSTEMPATH/CodeIgniter.php(355): CodeIgniter\CodeIgniter->handleRequest()
 5 SYSTEMPATH/Boot.php(325): CodeIgniter\CodeIgniter->run()
 6 SYSTEMPATH/Boot.php(67): CodeIgniter\Boot::runCodeIgniter()
 7 FCPATH/index.php(56): CodeIgniter\Boot::bootWeb()
 8 SYSTEMPATH/rewrite.php(44): require_once('/var/www/html/shivam/codeigniter/public/index.php')
ERROR - 2024-07-09 23:55:07 --> Error connecting to the database: mysqli_sql_exception: Connection timed out in /var/www/html/shivam/codeigniter/system/Database/MySQLi/Connection.php:186
Stack trace:
#0 /var/www/html/shivam/codeigniter/system/Database/MySQLi/Connection.php(186): mysqli->real_connect()
#1 /var/www/html/shivam/codeigniter/system/Database/BaseConnection.php(421): CodeIgniter\Database\MySQLi\Connection->connect()
#2 /var/www/html/shivam/codeigniter/system/Database/BaseConnection.php(616): CodeIgniter\Database\BaseConnection->initialize()
#3 /var/www/html/shivam/codeigniter/system/Database/BaseConnection.php(1485): CodeIgniter\Database\BaseConnection->query()
#4 /var/www/html/shivam/codeigniter/system/Database/BaseConnection.php(1505): CodeIgniter\Database\BaseConnection->listTables()
#5 /var/www/html/shivam/codeigniter/system/Database/MigrationRunner.php(759): CodeIgniter\Database\BaseConnection->tableExists()
#6 /var/www/html/shivam/codeigniter/system/Database/MigrationRunner.php(163): CodeIgniter\Database\MigrationRunner->ensureTable()
#7 /var/www/html/shivam/codeigniter/system/Commands/Database/Migrate.php(85): CodeIgniter\Database\MigrationRunner->latest()
#8 /var/www/html/shivam/codeigniter/system/CLI/Commands.php(70): CodeIgniter\Commands\Database\Migrate->run()
#9 /var/www/html/shivam/codeigniter/system/CLI/Console.php(48): CodeIgniter\CLI\Commands->run()
#10 /var/www/html/shivam/codeigniter/system/Boot.php(351): CodeIgniter\CLI\Console->run()
#11 /var/www/html/shivam/codeigniter/system/Boot.php(104): CodeIgniter\Boot::runCommand()
#12 /var/www/html/shivam/codeigniter/spark(84): CodeIgniter\Boot::bootSpark()
#13 {main}

Next CodeIgniter\Database\Exceptions\DatabaseException: Connection timed out in /var/www/html/shivam/codeigniter/system/Database/MySQLi/Connection.php:231
Stack trace:
#0 /var/www/html/shivam/codeigniter/system/Database/BaseConnection.php(421): CodeIgniter\Database\MySQLi\Connection->connect()
#1 /var/www/html/shivam/codeigniter/system/Database/BaseConnection.php(616): CodeIgniter\Database\BaseConnection->initialize()
#2 /var/www/html/shivam/codeigniter/system/Database/BaseConnection.php(1485): CodeIgniter\Database\BaseConnection->query()
#3 /var/www/html/shivam/codeigniter/system/Database/BaseConnection.php(1505): CodeIgniter\Database\BaseConnection->listTables()
#4 /var/www/html/shivam/codeigniter/system/Database/MigrationRunner.php(759): CodeIgniter\Database\BaseConnection->tableExists()
#5 /var/www/html/shivam/codeigniter/system/Database/MigrationRunner.php(163): CodeIgniter\Database\MigrationRunner->ensureTable()
#6 /var/www/html/shivam/codeigniter/system/Commands/Database/Migrate.php(85): CodeIgniter\Database\MigrationRunner->latest()
#7 /var/www/html/shivam/codeigniter/system/CLI/Commands.php(70): CodeIgniter\Commands\Database\Migrate->run()
#8 /var/www/html/shivam/codeigniter/system/CLI/Console.php(48): CodeIgniter\CLI\Commands->run()
#9 /var/www/html/shivam/codeigniter/system/Boot.php(351): CodeIgniter\CLI\Console->run()
#10 /var/www/html/shivam/codeigniter/system/Boot.php(104): CodeIgniter\Boot::runCommand()
#11 /var/www/html/shivam/codeigniter/spark(84): CodeIgniter\Boot::bootSpark()
#12 {main}
ERROR - 2024-07-09 23:55:23 --> Error connecting to the database: ErrorException: mysqli::real_connect(): php_network_getaddresses: getaddrinfo for https failed: Temporary failure in name resolution in /var/www/html/shivam/codeigniter/system/Database/MySQLi/Connection.php:186
Stack trace:
#0 [internal function]: CodeIgniter\Debug\Exceptions->errorHandler()
#1 /var/www/html/shivam/codeigniter/system/Database/MySQLi/Connection.php(186): mysqli->real_connect()
#2 /var/www/html/shivam/codeigniter/system/Database/BaseConnection.php(421): CodeIgniter\Database\MySQLi\Connection->connect()
#3 /var/www/html/shivam/codeigniter/system/Database/BaseConnection.php(616): CodeIgniter\Database\BaseConnection->initialize()
#4 /var/www/html/shivam/codeigniter/system/Database/BaseConnection.php(1485): CodeIgniter\Database\BaseConnection->query()
#5 /var/www/html/shivam/codeigniter/system/Database/BaseConnection.php(1505): CodeIgniter\Database\BaseConnection->listTables()
#6 /var/www/html/shivam/codeigniter/system/Database/MigrationRunner.php(759): CodeIgniter\Database\BaseConnection->tableExists()
#7 /var/www/html/shivam/codeigniter/system/Database/MigrationRunner.php(163): CodeIgniter\Database\MigrationRunner->ensureTable()
#8 /var/www/html/shivam/codeigniter/system/Commands/Database/Migrate.php(85): CodeIgniter\Database\MigrationRunner->latest()
#9 /var/www/html/shivam/codeigniter/system/CLI/Commands.php(70): CodeIgniter\Commands\Database\Migrate->run()
#10 /var/www/html/shivam/codeigniter/system/CLI/Console.php(48): CodeIgniter\CLI\Commands->run()
#11 /var/www/html/shivam/codeigniter/system/Boot.php(351): CodeIgniter\CLI\Console->run()
#12 /var/www/html/shivam/codeigniter/system/Boot.php(104): CodeIgniter\Boot::runCommand()
#13 /var/www/html/shivam/codeigniter/spark(84): CodeIgniter\Boot::bootSpark()
#14 {main}

Next mysqli_sql_exception: php_network_getaddresses: getaddrinfo for https failed: Temporary failure in name resolution in /var/www/html/shivam/codeigniter/system/Database/MySQLi/Connection.php:186
Stack trace:
#0 /var/www/html/shivam/codeigniter/system/Database/MySQLi/Connection.php(186): mysqli->real_connect()
#1 /var/www/html/shivam/codeigniter/system/Database/BaseConnection.php(421): CodeIgniter\Database\MySQLi\Connection->connect()
#2 /var/www/html/shivam/codeigniter/system/Database/BaseConnection.php(616): CodeIgniter\Database\BaseConnection->initialize()
#3 /var/www/html/shivam/codeigniter/system/Database/BaseConnection.php(1485): CodeIgniter\Database\BaseConnection->query()
#4 /var/www/html/shivam/codeigniter/system/Database/BaseConnection.php(1505): CodeIgniter\Database\BaseConnection->listTables()
#5 /var/www/html/shivam/codeigniter/system/Database/MigrationRunner.php(759): CodeIgniter\Database\BaseConnection->tableExists()
#6 /var/www/html/shivam/codeigniter/system/Database/MigrationRunner.php(163): CodeIgniter\Database\MigrationRunner->ensureTable()
#7 /var/www/html/shivam/codeigniter/system/Commands/Database/Migrate.php(85): CodeIgniter\Database\MigrationRunner->latest()
#8 /var/www/html/shivam/codeigniter/system/CLI/Commands.php(70): CodeIgniter\Commands\Database\Migrate->run()
#9 /var/www/html/shivam/codeigniter/system/CLI/Console.php(48): CodeIgniter\CLI\Commands->run()
#10 /var/www/html/shivam/codeigniter/system/Boot.php(351): CodeIgniter\CLI\Console->run()
#11 /var/www/html/shivam/codeigniter/system/Boot.php(104): CodeIgniter\Boot::runCommand()
#12 /var/www/html/shivam/codeigniter/spark(84): CodeIgniter\Boot::bootSpark()
#13 {main}

Next CodeIgniter\Database\Exceptions\DatabaseException: php_network_getaddresses: getaddrinfo for https failed: Temporary failure in name resolution in /var/www/html/shivam/codeigniter/system/Database/MySQLi/Connection.php:231
Stack trace:
#0 /var/www/html/shivam/codeigniter/system/Database/BaseConnection.php(421): CodeIgniter\Database\MySQLi\Connection->connect()
#1 /var/www/html/shivam/codeigniter/system/Database/BaseConnection.php(616): CodeIgniter\Database\BaseConnection->initialize()
#2 /var/www/html/shivam/codeigniter/system/Database/BaseConnection.php(1485): CodeIgniter\Database\BaseConnection->query()
#3 /var/www/html/shivam/codeigniter/system/Database/BaseConnection.php(1505): CodeIgniter\Database\BaseConnection->listTables()
#4 /var/www/html/shivam/codeigniter/system/Database/MigrationRunner.php(759): CodeIgniter\Database\BaseConnection->tableExists()
#5 /var/www/html/shivam/codeigniter/system/Database/MigrationRunner.php(163): CodeIgniter\Database\MigrationRunner->ensureTable()
#6 /var/www/html/shivam/codeigniter/system/Commands/Database/Migrate.php(85): CodeIgniter\Database\MigrationRunner->latest()
#7 /var/www/html/shivam/codeigniter/system/CLI/Commands.php(70): CodeIgniter\Commands\Database\Migrate->run()
#8 /var/www/html/shivam/codeigniter/system/CLI/Console.php(48): CodeIgniter\CLI\Commands->run()
#9 /var/www/html/shivam/codeigniter/system/Boot.php(351): CodeIgniter\CLI\Console->run()
#10 /var/www/html/shivam/codeigniter/system/Boot.php(104): CodeIgniter\Boot::runCommand()
#11 /var/www/html/shivam/codeigniter/spark(84): CodeIgniter\Boot::bootSpark()
#12 {main}
ERROR - 2024-07-09 23:55:44 --> Error connecting to the database: mysqli_sql_exception: Connection timed out in /var/www/html/shivam/codeigniter/system/Database/MySQLi/Connection.php:186
Stack trace:
#0 /var/www/html/shivam/codeigniter/system/Database/MySQLi/Connection.php(186): mysqli->real_connect()
#1 /var/www/html/shivam/codeigniter/system/Database/BaseConnection.php(421): CodeIgniter\Database\MySQLi\Connection->connect()
#2 /var/www/html/shivam/codeigniter/system/Database/BaseConnection.php(616): CodeIgniter\Database\BaseConnection->initialize()
#3 /var/www/html/shivam/codeigniter/system/Database/BaseConnection.php(1485): CodeIgniter\Database\BaseConnection->query()
#4 /var/www/html/shivam/codeigniter/system/Database/BaseConnection.php(1505): CodeIgniter\Database\BaseConnection->listTables()
#5 /var/www/html/shivam/codeigniter/system/Database/MigrationRunner.php(759): CodeIgniter\Database\BaseConnection->tableExists()
#6 /var/www/html/shivam/codeigniter/system/Database/MigrationRunner.php(163): CodeIgniter\Database\MigrationRunner->ensureTable()
#7 /var/www/html/shivam/codeigniter/system/Commands/Database/Migrate.php(85): CodeIgniter\Database\MigrationRunner->latest()
#8 /var/www/html/shivam/codeigniter/system/CLI/Commands.php(70): CodeIgniter\Commands\Database\Migrate->run()
#9 /var/www/html/shivam/codeigniter/system/CLI/Console.php(48): CodeIgniter\CLI\Commands->run()
#10 /var/www/html/shivam/codeigniter/system/Boot.php(351): CodeIgniter\CLI\Console->run()
#11 /var/www/html/shivam/codeigniter/system/Boot.php(104): CodeIgniter\Boot::runCommand()
#12 /var/www/html/shivam/codeigniter/spark(84): CodeIgniter\Boot::bootSpark()
#13 {main}

Next CodeIgniter\Database\Exceptions\DatabaseException: Connection timed out in /var/www/html/shivam/codeigniter/system/Database/MySQLi/Connection.php:231
Stack trace:
#0 /var/www/html/shivam/codeigniter/system/Database/BaseConnection.php(421): CodeIgniter\Database\MySQLi\Connection->connect()
#1 /var/www/html/shivam/codeigniter/system/Database/BaseConnection.php(616): CodeIgniter\Database\BaseConnection->initialize()
#2 /var/www/html/shivam/codeigniter/system/Database/BaseConnection.php(1485): CodeIgniter\Database\BaseConnection->query()
#3 /var/www/html/shivam/codeigniter/system/Database/BaseConnection.php(1505): CodeIgniter\Database\BaseConnection->listTables()
#4 /var/www/html/shivam/codeigniter/system/Database/MigrationRunner.php(759): CodeIgniter\Database\BaseConnection->tableExists()
#5 /var/www/html/shivam/codeigniter/system/Database/MigrationRunner.php(163): CodeIgniter\Database\MigrationRunner->ensureTable()
#6 /var/www/html/shivam/codeigniter/system/Commands/Database/Migrate.php(85): CodeIgniter\Database\MigrationRunner->latest()
#7 /var/www/html/shivam/codeigniter/system/CLI/Commands.php(70): CodeIgniter\Commands\Database\Migrate->run()
#8 /var/www/html/shivam/codeigniter/system/CLI/Console.php(48): CodeIgniter\CLI\Commands->run()
#9 /var/www/html/shivam/codeigniter/system/Boot.php(351): CodeIgniter\CLI\Console->run()
#10 /var/www/html/shivam/codeigniter/system/Boot.php(104): CodeIgniter\Boot::runCommand()
#11 /var/www/html/shivam/codeigniter/spark(84): CodeIgniter\Boot::bootSpark()
#12 {main}
